<?xml version="1.0" encoding="UTF-8"?>
<!-- Generated by org.testng.reporters.JUnitReportReporter -->
<testsuite hostname="yogeshwari-007YKB" failures="0" tests="2" name="a_NeostoxTestClasses.ValidateTCwithPropertyFile" time="52.437" errors="0" timestamp="2023-01-22T15:30:02 IST" skipped="0">
  <testcase classname="a_NeostoxTestClasses.ValidateTCwithPropertyFile" name="validateUserNameFromNeostox" time="13.124"/>
  <system-out>
    <![CDATA[getting actual user Name
Actual user name is --> Hi Yogeshwari bhoyar
Data read from property file is Hi Yogeshwari bhoyar
Took Screnshot 
Screnshot took and stored at F:\Automation\ScreenShots\TCID-1111.png]]>
  </system-out>
  <testcase classname="a_NeostoxTestClasses.ValidateTCwithPropertyFile" name="validateAcBalance" time="39.313"/>
  <system-out>
    <![CDATA[The available balance is Rs.5,00,000.00]]>
  </system-out>
</testsuite> <!-- a_NeostoxTestClasses.ValidateTCwithPropertyFile -->
